-------------------------------------------------------------------------------
Test set: GestorTareasTest
-------------------------------------------------------------------------------
Tests run: 1, Failures: 1, Errors: 0, Skipped: 0, Time elapsed: 0.099 s <<< FAILURE! - in GestorTareasTest
testAgregarTarea  Time elapsed: 0.088 s  <<< FAILURE!
org.opentest4j.AssertionFailedError: Deberia tener 2 tarea ==> expected: <2> but was: <1>
	at GestorTareasTest.testAgregarTarea(GestorTareasTest.java:20)

